<?xml version="1.0" encoding="UTF-8"?>
<testsuite xmlns:xsi="http://www.w3.org/2001/XMLSchema-instance" xsi:noNamespaceSchemaLocation="https://maven.apache.org/surefire/maven-surefire-plugin/xsd/surefire-test-report.xsd" name="TestSuite" time="17.219" tests="4" errors="0" skipped="3" failures="1">
  <properties>
    <property name="gopherProxySet" value="false"/>
    <property name="awt.toolkit" value="sun.lwawt.macosx.LWCToolkit"/>
    <property name="file.encoding.pkg" value="sun.io"/>
    <property name="java.specification.version" value="1.8"/>
    <property name="sun.cpu.isalist" value=""/>
    <property name="sun.jnu.encoding" value="UTF-8"/>
    <property name="java.class.path" value="/Users/krishnasakinala/hubiC/workspace/POMWPF_Framework/target/test-classes:/Users/krishnasakinala/hubiC/workspace/POMWPF_Framework/target/classes:/Users/krishnasakinala/.m2/repository/com/aventstack/extentreports/3.0.6/extentreports-3.0.6.jar:/Users/krishnasakinala/.m2/repository/org/freemarker/freemarker/2.3.23/freemarker-2.3.23.jar:/Users/krishnasakinala/.m2/repository/org/mongodb/mongodb-driver/3.3.0/mongodb-driver-3.3.0.jar:/Users/krishnasakinala/.m2/repository/org/mongodb/bson/3.3.0/bson-3.3.0.jar:/Users/krishnasakinala/.m2/repository/org/mongodb/mongodb-driver-core/3.3.0/mongodb-driver-core-3.3.0.jar:/Users/krishnasakinala/.m2/repository/org/apache/httpcomponents/httpclient/4.5.2/httpclient-4.5.2.jar:/Users/krishnasakinala/.m2/repository/org/apache/httpcomponents/httpmime/4.5.2/httpmime-4.5.2.jar:/Users/krishnasakinala/.m2/repository/org/jsoup/jsoup/1.9.2/jsoup-1.9.2.jar:/Users/krishnasakinala/.m2/repository/org/seleniumhq/selenium/selenium-java/3.5.3/selenium-java-3.5.3.jar:/Users/krishnasakinala/.m2/repository/org/seleniumhq/selenium/selenium-api/3.5.3/selenium-api-3.5.3.jar:/Users/krishnasakinala/.m2/repository/org/seleniumhq/selenium/selenium-chrome-driver/3.5.3/selenium-chrome-driver-3.5.3.jar:/Users/krishnasakinala/.m2/repository/org/seleniumhq/selenium/selenium-edge-driver/3.5.3/selenium-edge-driver-3.5.3.jar:/Users/krishnasakinala/.m2/repository/org/seleniumhq/selenium/selenium-firefox-driver/3.5.3/selenium-firefox-driver-3.5.3.jar:/Users/krishnasakinala/.m2/repository/org/seleniumhq/selenium/selenium-ie-driver/3.5.3/selenium-ie-driver-3.5.3.jar:/Users/krishnasakinala/.m2/repository/org/seleniumhq/selenium/selenium-opera-driver/3.5.3/selenium-opera-driver-3.5.3.jar:/Users/krishnasakinala/.m2/repository/org/seleniumhq/selenium/selenium-remote-driver/3.5.3/selenium-remote-driver-3.5.3.jar:/Users/krishnasakinala/.m2/repository/org/seleniumhq/selenium/selenium-safari-driver/3.5.3/selenium-safari-driver-3.5.3.jar:/Users/krishnasakinala/.m2/repository/org/seleniumhq/selenium/selenium-support/3.5.3/selenium-support-3.5.3.jar:/Users/krishnasakinala/.m2/repository/cglib/cglib-nodep/3.2.4/cglib-nodep-3.2.4.jar:/Users/krishnasakinala/.m2/repository/org/apache/commons/commons-exec/1.3/commons-exec-1.3.jar:/Users/krishnasakinala/.m2/repository/org/apache/commons/commons-lang3/3.5/commons-lang3-3.5.jar:/Users/krishnasakinala/.m2/repository/commons-codec/commons-codec/1.10/commons-codec-1.10.jar:/Users/krishnasakinala/.m2/repository/commons-io/commons-io/2.5/commons-io-2.5.jar:/Users/krishnasakinala/.m2/repository/commons-logging/commons-logging/1.2/commons-logging-1.2.jar:/Users/krishnasakinala/.m2/repository/org/w3c/css/sac/1.3/sac-1.3.jar:/Users/krishnasakinala/.m2/repository/net/sourceforge/cssparser/cssparser/0.9.23/cssparser-0.9.23.jar:/Users/krishnasakinala/.m2/repository/com/google/code/gson/gson/2.8.0/gson-2.8.0.jar:/Users/krishnasakinala/.m2/repository/com/google/guava/guava/23.0/guava-23.0.jar:/Users/krishnasakinala/.m2/repository/com/google/code/findbugs/jsr305/1.3.9/jsr305-1.3.9.jar:/Users/krishnasakinala/.m2/repository/com/google/errorprone/error_prone_annotations/2.0.18/error_prone_annotations-2.0.18.jar:/Users/krishnasakinala/.m2/repository/com/google/j2objc/j2objc-annotations/1.1/j2objc-annotations-1.1.jar:/Users/krishnasakinala/.m2/repository/org/codehaus/mojo/animal-sniffer-annotations/1.14/animal-sniffer-annotations-1.14.jar:/Users/krishnasakinala/.m2/repository/org/hamcrest/hamcrest-core/1.3/hamcrest-core-1.3.jar:/Users/krishnasakinala/.m2/repository/net/sourceforge/htmlunit/htmlunit/2.27/htmlunit-2.27.jar:/Users/krishnasakinala/.m2/repository/net/sourceforge/htmlunit/htmlunit-core-js/2.27/htmlunit-core-js-2.27.jar:/Users/krishnasakinala/.m2/repository/net/sourceforge/htmlunit/neko-htmlunit/2.27/neko-htmlunit-2.27.jar:/Users/krishnasakinala/.m2/repository/org/apache/httpcomponents/httpcore/4.4.6/httpcore-4.4.6.jar:/Users/krishnasakinala/.m2/repository/org/eclipse/jetty/jetty-client/9.4.5.v20170502/jetty-client-9.4.5.v20170502.jar:/Users/krishnasakinala/.m2/repository/org/eclipse/jetty/jetty-http/9.4.5.v20170502/jetty-http-9.4.5.v20170502.jar:/Users/krishnasakinala/.m2/repository/org/eclipse/jetty/jetty-io/9.4.5.v20170502/jetty-io-9.4.5.v20170502.jar:/Users/krishnasakinala/.m2/repository/org/eclipse/jetty/jetty-util/9.4.5.v20170502/jetty-util-9.4.5.v20170502.jar:/Users/krishnasakinala/.m2/repository/net/java/dev/jna/jna/4.1.0/jna-4.1.0.jar:/Users/krishnasakinala/.m2/repository/net/java/dev/jna/jna-platform/4.1.0/jna-platform-4.1.0.jar:/Users/krishnasakinala/.m2/repository/junit/junit/4.12/junit-4.12.jar:/Users/krishnasakinala/.m2/repository/com/codeborne/phantomjsdriver/1.4.0/phantomjsdriver-1.4.0.jar:/Users/krishnasakinala/.m2/repository/org/seleniumhq/selenium/htmlunit-driver/2.27/htmlunit-driver-2.27.jar:/Users/krishnasakinala/.m2/repository/javax/servlet/javax.servlet-api/3.1.0/javax.servlet-api-3.1.0.jar:/Users/krishnasakinala/.m2/repository/org/eclipse/jetty/websocket/websocket-api/9.4.5.v20170502/websocket-api-9.4.5.v20170502.jar:/Users/krishnasakinala/.m2/repository/org/eclipse/jetty/websocket/websocket-client/9.4.5.v20170502/websocket-client-9.4.5.v20170502.jar:/Users/krishnasakinala/.m2/repository/org/eclipse/jetty/websocket/websocket-common/9.4.5.v20170502/websocket-common-9.4.5.v20170502.jar:/Users/krishnasakinala/.m2/repository/xalan/serializer/2.7.2/serializer-2.7.2.jar:/Users/krishnasakinala/.m2/repository/xalan/xalan/2.7.2/xalan-2.7.2.jar:/Users/krishnasakinala/.m2/repository/xerces/xercesImpl/2.11.0/xercesImpl-2.11.0.jar:/Users/krishnasakinala/.m2/repository/xml-apis/xml-apis/1.4.01/xml-apis-1.4.01.jar:/Users/krishnasakinala/.m2/repository/org/apache/poi/poi/3.16/poi-3.16.jar:/Users/krishnasakinala/.m2/repository/org/apache/commons/commons-collections4/4.1/commons-collections4-4.1.jar:/Users/krishnasakinala/.m2/repository/org/apache/poi/poi-scratchpad/3.16/poi-scratchpad-3.16.jar:/Users/krishnasakinala/.m2/repository/org/apache/poi/ooxml-schemas/1.1/ooxml-schemas-1.1.jar:/Users/krishnasakinala/.m2/repository/org/apache/xmlbeans/xmlbeans/2.3.0/xmlbeans-2.3.0.jar:/Users/krishnasakinala/.m2/repository/stax/stax-api/1.0.1/stax-api-1.0.1.jar:/Users/krishnasakinala/.m2/repository/org/apache/poi/poi-ooxml/3.16/poi-ooxml-3.16.jar:/Users/krishnasakinala/.m2/repository/org/apache/poi/poi-ooxml-schemas/3.16/poi-ooxml-schemas-3.16.jar:/Users/krishnasakinala/.m2/repository/com/github/virtuald/curvesapi/1.04/curvesapi-1.04.jar:/Users/krishnasakinala/.m2/repository/org/testng/testng/6.11/testng-6.11.jar:/Users/krishnasakinala/.m2/repository/com/beust/jcommander/1.64/jcommander-1.64.jar:/Users/krishnasakinala/.m2/repository/org/yaml/snakeyaml/1.17/snakeyaml-1.17.jar:/Users/krishnasakinala/.m2/repository/org/apache/maven/surefire/surefire-testng-utils/2.20.1/surefire-testng-utils-2.20.1.jar:/Users/krishnasakinala/.m2/repository/org/apache/maven/surefire/surefire-grouper/2.20.1/surefire-grouper-2.20.1.jar:"/>
    <property name="java.vm.vendor" value="Oracle Corporation"/>
    <property name="sun.arch.data.model" value="64"/>
    <property name="java.vendor.url" value="http://java.oracle.com/"/>
    <property name="user.timezone" value=""/>
    <property name="user.country.format" value="IN"/>
    <property name="java.vm.specification.version" value="1.8"/>
    <property name="os.name" value="Mac OS X"/>
    <property name="user.country" value="US"/>
    <property name="sun.java.launcher" value="SUN_STANDARD"/>
    <property name="pomBrowser" value="firefox"/>
    <property name="sun.boot.library.path" value="/Library/Java/JavaVirtualMachines/jdk1.8.0_101.jdk/Contents/Home/jre/lib"/>
    <property name="sun.java.command" value="/Users/krishnasakinala/hubiC/workspace/POMWPF_Framework/target/surefire/surefirebooter4174101610515565138.jar /Users/krishnasakinala/hubiC/workspace/POMWPF_Framework/target/surefire 2017-09-24T18-30-59_841-jvmRun1 surefire473976785706185078tmp surefire_03515757950214592888tmp"/>
    <property name="http.nonProxyHosts" value="local|*.local|169.254/16|*.169.254/16"/>
    <property name="pomTesttype" value="regression"/>
    <property name="pomEnvironment" value="qa"/>
    <property name="surefire.test.class.path" value="/Users/krishnasakinala/hubiC/workspace/POMWPF_Framework/target/test-classes:/Users/krishnasakinala/hubiC/workspace/POMWPF_Framework/target/classes:/Users/krishnasakinala/.m2/repository/com/aventstack/extentreports/3.0.6/extentreports-3.0.6.jar:/Users/krishnasakinala/.m2/repository/org/freemarker/freemarker/2.3.23/freemarker-2.3.23.jar:/Users/krishnasakinala/.m2/repository/org/mongodb/mongodb-driver/3.3.0/mongodb-driver-3.3.0.jar:/Users/krishnasakinala/.m2/repository/org/mongodb/bson/3.3.0/bson-3.3.0.jar:/Users/krishnasakinala/.m2/repository/org/mongodb/mongodb-driver-core/3.3.0/mongodb-driver-core-3.3.0.jar:/Users/krishnasakinala/.m2/repository/org/apache/httpcomponents/httpclient/4.5.2/httpclient-4.5.2.jar:/Users/krishnasakinala/.m2/repository/org/apache/httpcomponents/httpmime/4.5.2/httpmime-4.5.2.jar:/Users/krishnasakinala/.m2/repository/org/jsoup/jsoup/1.9.2/jsoup-1.9.2.jar:/Users/krishnasakinala/.m2/repository/org/seleniumhq/selenium/selenium-java/3.5.3/selenium-java-3.5.3.jar:/Users/krishnasakinala/.m2/repository/org/seleniumhq/selenium/selenium-api/3.5.3/selenium-api-3.5.3.jar:/Users/krishnasakinala/.m2/repository/org/seleniumhq/selenium/selenium-chrome-driver/3.5.3/selenium-chrome-driver-3.5.3.jar:/Users/krishnasakinala/.m2/repository/org/seleniumhq/selenium/selenium-edge-driver/3.5.3/selenium-edge-driver-3.5.3.jar:/Users/krishnasakinala/.m2/repository/org/seleniumhq/selenium/selenium-firefox-driver/3.5.3/selenium-firefox-driver-3.5.3.jar:/Users/krishnasakinala/.m2/repository/org/seleniumhq/selenium/selenium-ie-driver/3.5.3/selenium-ie-driver-3.5.3.jar:/Users/krishnasakinala/.m2/repository/org/seleniumhq/selenium/selenium-opera-driver/3.5.3/selenium-opera-driver-3.5.3.jar:/Users/krishnasakinala/.m2/repository/org/seleniumhq/selenium/selenium-remote-driver/3.5.3/selenium-remote-driver-3.5.3.jar:/Users/krishnasakinala/.m2/repository/org/seleniumhq/selenium/selenium-safari-driver/3.5.3/selenium-safari-driver-3.5.3.jar:/Users/krishnasakinala/.m2/repository/org/seleniumhq/selenium/selenium-support/3.5.3/selenium-support-3.5.3.jar:/Users/krishnasakinala/.m2/repository/cglib/cglib-nodep/3.2.4/cglib-nodep-3.2.4.jar:/Users/krishnasakinala/.m2/repository/org/apache/commons/commons-exec/1.3/commons-exec-1.3.jar:/Users/krishnasakinala/.m2/repository/org/apache/commons/commons-lang3/3.5/commons-lang3-3.5.jar:/Users/krishnasakinala/.m2/repository/commons-codec/commons-codec/1.10/commons-codec-1.10.jar:/Users/krishnasakinala/.m2/repository/commons-io/commons-io/2.5/commons-io-2.5.jar:/Users/krishnasakinala/.m2/repository/commons-logging/commons-logging/1.2/commons-logging-1.2.jar:/Users/krishnasakinala/.m2/repository/org/w3c/css/sac/1.3/sac-1.3.jar:/Users/krishnasakinala/.m2/repository/net/sourceforge/cssparser/cssparser/0.9.23/cssparser-0.9.23.jar:/Users/krishnasakinala/.m2/repository/com/google/code/gson/gson/2.8.0/gson-2.8.0.jar:/Users/krishnasakinala/.m2/repository/com/google/guava/guava/23.0/guava-23.0.jar:/Users/krishnasakinala/.m2/repository/com/google/code/findbugs/jsr305/1.3.9/jsr305-1.3.9.jar:/Users/krishnasakinala/.m2/repository/com/google/errorprone/error_prone_annotations/2.0.18/error_prone_annotations-2.0.18.jar:/Users/krishnasakinala/.m2/repository/com/google/j2objc/j2objc-annotations/1.1/j2objc-annotations-1.1.jar:/Users/krishnasakinala/.m2/repository/org/codehaus/mojo/animal-sniffer-annotations/1.14/animal-sniffer-annotations-1.14.jar:/Users/krishnasakinala/.m2/repository/org/hamcrest/hamcrest-core/1.3/hamcrest-core-1.3.jar:/Users/krishnasakinala/.m2/repository/net/sourceforge/htmlunit/htmlunit/2.27/htmlunit-2.27.jar:/Users/krishnasakinala/.m2/repository/net/sourceforge/htmlunit/htmlunit-core-js/2.27/htmlunit-core-js-2.27.jar:/Users/krishnasakinala/.m2/repository/net/sourceforge/htmlunit/neko-htmlunit/2.27/neko-htmlunit-2.27.jar:/Users/krishnasakinala/.m2/repository/org/apache/httpcomponents/httpcore/4.4.6/httpcore-4.4.6.jar:/Users/krishnasakinala/.m2/repository/org/eclipse/jetty/jetty-client/9.4.5.v20170502/jetty-client-9.4.5.v20170502.jar:/Users/krishnasakinala/.m2/repository/org/eclipse/jetty/jetty-http/9.4.5.v20170502/jetty-http-9.4.5.v20170502.jar:/Users/krishnasakinala/.m2/repository/org/eclipse/jetty/jetty-io/9.4.5.v20170502/jetty-io-9.4.5.v20170502.jar:/Users/krishnasakinala/.m2/repository/org/eclipse/jetty/jetty-util/9.4.5.v20170502/jetty-util-9.4.5.v20170502.jar:/Users/krishnasakinala/.m2/repository/net/java/dev/jna/jna/4.1.0/jna-4.1.0.jar:/Users/krishnasakinala/.m2/repository/net/java/dev/jna/jna-platform/4.1.0/jna-platform-4.1.0.jar:/Users/krishnasakinala/.m2/repository/junit/junit/4.12/junit-4.12.jar:/Users/krishnasakinala/.m2/repository/com/codeborne/phantomjsdriver/1.4.0/phantomjsdriver-1.4.0.jar:/Users/krishnasakinala/.m2/repository/org/seleniumhq/selenium/htmlunit-driver/2.27/htmlunit-driver-2.27.jar:/Users/krishnasakinala/.m2/repository/javax/servlet/javax.servlet-api/3.1.0/javax.servlet-api-3.1.0.jar:/Users/krishnasakinala/.m2/repository/org/eclipse/jetty/websocket/websocket-api/9.4.5.v20170502/websocket-api-9.4.5.v20170502.jar:/Users/krishnasakinala/.m2/repository/org/eclipse/jetty/websocket/websocket-client/9.4.5.v20170502/websocket-client-9.4.5.v20170502.jar:/Users/krishnasakinala/.m2/repository/org/eclipse/jetty/websocket/websocket-common/9.4.5.v20170502/websocket-common-9.4.5.v20170502.jar:/Users/krishnasakinala/.m2/repository/xalan/serializer/2.7.2/serializer-2.7.2.jar:/Users/krishnasakinala/.m2/repository/xalan/xalan/2.7.2/xalan-2.7.2.jar:/Users/krishnasakinala/.m2/repository/xerces/xercesImpl/2.11.0/xercesImpl-2.11.0.jar:/Users/krishnasakinala/.m2/repository/xml-apis/xml-apis/1.4.01/xml-apis-1.4.01.jar:/Users/krishnasakinala/.m2/repository/org/apache/poi/poi/3.16/poi-3.16.jar:/Users/krishnasakinala/.m2/repository/org/apache/commons/commons-collections4/4.1/commons-collections4-4.1.jar:/Users/krishnasakinala/.m2/repository/org/apache/poi/poi-scratchpad/3.16/poi-scratchpad-3.16.jar:/Users/krishnasakinala/.m2/repository/org/apache/poi/ooxml-schemas/1.1/ooxml-schemas-1.1.jar:/Users/krishnasakinala/.m2/repository/org/apache/xmlbeans/xmlbeans/2.3.0/xmlbeans-2.3.0.jar:/Users/krishnasakinala/.m2/repository/stax/stax-api/1.0.1/stax-api-1.0.1.jar:/Users/krishnasakinala/.m2/repository/org/apache/poi/poi-ooxml/3.16/poi-ooxml-3.16.jar:/Users/krishnasakinala/.m2/repository/org/apache/poi/poi-ooxml-schemas/3.16/poi-ooxml-schemas-3.16.jar:/Users/krishnasakinala/.m2/repository/com/github/virtuald/curvesapi/1.04/curvesapi-1.04.jar:/Users/krishnasakinala/.m2/repository/org/testng/testng/6.11/testng-6.11.jar:/Users/krishnasakinala/.m2/repository/com/beust/jcommander/1.64/jcommander-1.64.jar:/Users/krishnasakinala/.m2/repository/org/yaml/snakeyaml/1.17/snakeyaml-1.17.jar:/Users/krishnasakinala/.m2/repository/org/apache/maven/surefire/surefire-testng-utils/2.20.1/surefire-testng-utils-2.20.1.jar:/Users/krishnasakinala/.m2/repository/org/apache/maven/surefire/surefire-grouper/2.20.1/surefire-grouper-2.20.1.jar:"/>
    <property name="sun.cpu.endian" value="little"/>
    <property name="user.home" value="/Users/krishnasakinala"/>
    <property name="user.language" value="en"/>
    <property name="java.specification.vendor" value="Oracle Corporation"/>
    <property name="java.home" value="/Library/Java/JavaVirtualMachines/jdk1.8.0_101.jdk/Contents/Home/jre"/>
    <property name="basedir" value="/Users/krishnasakinala/hubiC/workspace/POMWPF_Framework"/>
    <property name="file.separator" value="/"/>
    <property name="line.separator" value="&#10;"/>
    <property name="java.vm.specification.vendor" value="Oracle Corporation"/>
    <property name="java.specification.name" value="Java Platform API Specification"/>
    <property name="java.awt.graphicsenv" value="sun.awt.CGraphicsEnvironment"/>
    <property name="surefire.real.class.path" value="/Users/krishnasakinala/hubiC/workspace/POMWPF_Framework/target/surefire/surefirebooter4174101610515565138.jar"/>
    <property name="sun.boot.class.path" value="/Library/Java/JavaVirtualMachines/jdk1.8.0_101.jdk/Contents/Home/jre/lib/resources.jar:/Library/Java/JavaVirtualMachines/jdk1.8.0_101.jdk/Contents/Home/jre/lib/rt.jar:/Library/Java/JavaVirtualMachines/jdk1.8.0_101.jdk/Contents/Home/jre/lib/sunrsasign.jar:/Library/Java/JavaVirtualMachines/jdk1.8.0_101.jdk/Contents/Home/jre/lib/jsse.jar:/Library/Java/JavaVirtualMachines/jdk1.8.0_101.jdk/Contents/Home/jre/lib/jce.jar:/Library/Java/JavaVirtualMachines/jdk1.8.0_101.jdk/Contents/Home/jre/lib/charsets.jar:/Library/Java/JavaVirtualMachines/jdk1.8.0_101.jdk/Contents/Home/jre/lib/jfr.jar:/Library/Java/JavaVirtualMachines/jdk1.8.0_101.jdk/Contents/Home/jre/classes"/>
    <property name="sun.management.compiler" value="HotSpot 64-Bit Tiered Compilers"/>
    <property name="ftp.nonProxyHosts" value="local|*.local|169.254/16|*.169.254/16"/>
    <property name="java.runtime.version" value="1.8.0_101-b13"/>
    <property name="user.name" value="krishnasakinala"/>
    <property name="path.separator" value=":"/>
    <property name="os.version" value="10.12.6"/>
    <property name="java.endorsed.dirs" value="/Library/Java/JavaVirtualMachines/jdk1.8.0_101.jdk/Contents/Home/jre/lib/endorsed"/>
    <property name="java.runtime.name" value="Java(TM) SE Runtime Environment"/>
    <property name="file.encoding" value="UTF-8"/>
    <property name="browser" value="firefox"/>
    <property name="java.vm.name" value="Java HotSpot(TM) 64-Bit Server VM"/>
    <property name="localRepository" value="/Users/krishnasakinala/.m2/repository"/>
    <property name="java.vendor.url.bug" value="http://bugreport.sun.com/bugreport/"/>
    <property name="java.io.tmpdir" value="/var/folders/qv/31jvty150mqc8l_r7rbzbg080000gn/T/"/>
    <property name="java.version" value="1.8.0_101"/>
    <property name="user.dir" value="/Users/krishnasakinala/hubiC/workspace/POMWPF_Framework"/>
    <property name="os.arch" value="x86_64"/>
    <property name="java.vm.specification.name" value="Java Virtual Machine Specification"/>
    <property name="java.awt.printerjob" value="sun.lwawt.macosx.CPrinterJob"/>
    <property name="sun.os.patch.level" value="unknown"/>
    <property name="environment" value="qa"/>
    <property name="java.library.path" value="/Users/krishnasakinala/Library/Java/Extensions:/Library/Java/Extensions:/Network/Library/Java/Extensions:/System/Library/Java/Extensions:/usr/lib/java:."/>
    <property name="java.vm.info" value="mixed mode"/>
    <property name="java.vendor" value="Oracle Corporation"/>
    <property name="java.vm.version" value="25.101-b13"/>
    <property name="testtype" value="regression"/>
    <property name="java.ext.dirs" value="/Users/krishnasakinala/Library/Java/Extensions:/Library/Java/JavaVirtualMachines/jdk1.8.0_101.jdk/Contents/Home/jre/lib/ext:/Library/Java/Extensions:/Network/Library/Java/Extensions:/System/Library/Java/Extensions:/usr/lib/java"/>
    <property name="sun.io.unicode.encoding" value="UnicodeBig"/>
    <property name="java.class.version" value="52.0"/>
    <property name="socksNonProxyHosts" value="local|*.local|169.254/16|*.169.254/16"/>
  </properties>
  <testcase name="init" classname="com.automationtesting.testcases.PlaceOrderTest" time="17.025">
    <failure message="Reached error page: about:neterror?e=dnsNotFound&amp;u=http%3A//qapractice.automationtesting.in/&amp;c=UTF-8&amp;f=regular&amp;d=Firefox%20can%E2%80%99t%20find%20the%20server%20at%20qapractice.automationtesting.in.&#10;Build info: version: &apos;3.5.3&apos;, revision: &apos;a88d25fe6b&apos;, time: &apos;2017-08-29T12:42:44.417Z&apos;&#10;System info: host: &apos;Krishnas-MacBook-Pro.local&apos;, ip: &apos;fe80:0:0:0:414:f4fa:cd76:ba4d%en0&apos;, os.name: &apos;Mac OS X&apos;, os.arch: &apos;x86_64&apos;, os.version: &apos;10.12.6&apos;, java.version: &apos;1.8.0_101&apos;&#10;Driver info: org.openqa.selenium.firefox.FirefoxDriver&#10;Capabilities [{moz:profile=/var/folders/qv/31jvty150mqc8l_r7rbzbg080000gn/T/rust_mozprofile.kCaRNw8x9Km8, rotatable=false, timeouts={implicit=0, pageLoad=300000, script=30000}, pageLoadStrategy=normal, platform=MAC, specificationLevel=0, moz:accessibilityChecks=false, acceptInsecureCerts=false, browserVersion=55.0.3, platformVersion=16.7.0, moz:processID=7947, browserName=firefox, javascriptEnabled=true, platformName=MAC}]&#10;Session ID: 578b0bcf-b844-664c-bda3-4743bb751114" type="org.openqa.selenium.WebDriverException"><![CDATA[org.openqa.selenium.WebDriverException: 
Reached error page: about:neterror?e=dnsNotFound&u=http%3A//qapractice.automationtesting.in/&c=UTF-8&f=regular&d=Firefox%20can%E2%80%99t%20find%20the%20server%20at%20qapractice.automationtesting.in.
Build info: version: '3.5.3', revision: 'a88d25fe6b', time: '2017-08-29T12:42:44.417Z'
System info: host: 'Krishnas-MacBook-Pro.local', ip: 'fe80:0:0:0:414:f4fa:cd76:ba4d%en0', os.name: 'Mac OS X', os.arch: 'x86_64', os.version: '10.12.6', java.version: '1.8.0_101'
Driver info: org.openqa.selenium.firefox.FirefoxDriver
Capabilities [{moz:profile=/var/folders/qv/31jvty150mqc8l_r7rbzbg080000gn/T/rust_mozprofile.kCaRNw8x9Km8, rotatable=false, timeouts={implicit=0, pageLoad=300000, script=30000}, pageLoadStrategy=normal, platform=MAC, specificationLevel=0, moz:accessibilityChecks=false, acceptInsecureCerts=false, browserVersion=55.0.3, platformVersion=16.7.0, moz:processID=7947, browserName=firefox, javascriptEnabled=true, platformName=MAC}]
Session ID: 578b0bcf-b844-664c-bda3-4743bb751114
]]></failure>
    <system-out><![CDATA[POM Browser is: firefox
POM Environment is: qa
]]></system-out>
    <system-err><![CDATA[1506258064536	geckodriver	INFO	Listening on 127.0.0.1:13757
1506258068147	geckodriver::marionette	INFO	Starting browser /Applications/Firefox.app/Contents/MacOS/firefox-bin with args ["-marionette"]
1506258070473	addons.xpi	WARN	Error parsing extensions state: [Exception... "Component returned failure code: 0x80520012 (NS_ERROR_FILE_NOT_FOUND) [amIAddonManagerStartup.readStartupData]"  nsresult: "0x80520012 (NS_ERROR_FILE_NOT_FOUND)"  location: "JS frame :: resource://gre/modules/addons/XPIProvider.jsm :: loadExtensionState :: line 1596"  data: no] Stack trace: loadExtensionState()@resource://gre/modules/addons/XPIProvider.jsm:1596 < getInstallState()@resource://gre/modules/addons/XPIProvider.jsm:1631 < checkForChanges()@resource://gre/modules/addons/XPIProvider.jsm:3152 < startup()@resource://gre/modules/addons/XPIProvider.jsm:2246 < callProvider()@resource://gre/modules/AddonManager.jsm:271 < _startProvider()@resource://gre/modules/AddonManager.jsm:741 < startup()@resource://gre/modules/AddonManager.jsm:908 < startup()@resource://gre/modules/AddonManager.jsm:3122 < observe()@jar:file:///Applications/Firefox.app/Contents/Resources/omni.ja!/components/addonManager.js:65
1506258071531	Marionette	INFO	Enabled via --marionette
1506258077017	Marionette	INFO	Listening on port 54559
JavaScript error: chrome://marionette/content/server.js, line 337: NS_ERROR_SOCKET_ADDRESS_IN_USE: Component returned failure code: 0x804b0036 (NS_ERROR_SOCKET_ADDRESS_IN_USE) [nsIServerSocket.initSpecialConnection]
1506258077350	Marionette	DEBUG	loaded listener.js
2017-09-24 18:31:17.509 plugin-container[7957:186272] *** CFMessagePort: bootstrap_register(): failed 1100 (0x44c) 'Permission denied', port = 0xa337, name = 'com.apple.tsm.portname'
See /usr/include/servers/bootstrap_defs.h for the error codes.
2017-09-24 18:31:17.510 plugin-container[7957:186272] *** CFMessagePort: bootstrap_register(): failed 1100 (0x44c) 'Permission denied', port = 0xa803, name = 'com.apple.CFPasteboardClient'
See /usr/include/servers/bootstrap_defs.h for the error codes.
Sep 24, 2017 6:31:17 PM org.openqa.selenium.remote.ProtocolHandshake createSession
INFO: Detected dialect: W3C
1506258077623	Marionette	DEBUG	Received DOM event "beforeunload" for "about:blank"
1506258077841	Marionette	DEBUG	Received DOM event "beforeunload" for "about:blank"
1506258077876	Marionette	DEBUG	Received DOM event "pagehide" for "about:blank"
1506258077877	Marionette	DEBUG	Received DOM event "unload" for "about:blank"
1506258078035	Marionette	DEBUG	Received DOM event "DOMContentLoaded" for "about:neterror?e=dnsNotFound&u=http%3A//qapractice.automationtesting.in/&c=UTF-8&f=regular&d=Firefox%20can%E2%80%99t%20find%20the%20server%20at%20qapractice.automationtesting.in."
]]></system-err>
  </testcase>
  <testcase name="carousel" classname="com.automationtesting.testcases.PlaceOrderTest" time="0">
    <skipped message="Reached error page: about:neterror?e=dnsNotFound&amp;u=http%3A//qapractice.automationtesting.in/&amp;c=UTF-8&amp;f=regular&amp;d=Firefox%20can%E2%80%99t%20find%20the%20server%20at%20qapractice.automationtesting.in.&#10;Build info: version: &apos;3.5.3&apos;, revision: &apos;a88d25fe6b&apos;, time: &apos;2017-08-29T12:42:44.417Z&apos;&#10;System info: host: &apos;Krishnas-MacBook-Pro.local&apos;, ip: &apos;fe80:0:0:0:414:f4fa:cd76:ba4d%en0&apos;, os.name: &apos;Mac OS X&apos;, os.arch: &apos;x86_64&apos;, os.version: &apos;10.12.6&apos;, java.version: &apos;1.8.0_101&apos;&#10;Driver info: org.openqa.selenium.firefox.FirefoxDriver&#10;Capabilities [{moz:profile=/var/folders/qv/31jvty150mqc8l_r7rbzbg080000gn/T/rust_mozprofile.kCaRNw8x9Km8, rotatable=false, timeouts={implicit=0, pageLoad=300000, script=30000}, pageLoadStrategy=normal, platform=MAC, specificationLevel=0, moz:accessibilityChecks=false, acceptInsecureCerts=false, browserVersion=55.0.3, platformVersion=16.7.0, moz:processID=7947, browserName=firefox, javascriptEnabled=true, platformName=MAC}]&#10;Session ID: 578b0bcf-b844-664c-bda3-4743bb751114"/>
  </testcase>
  <testcase name="placeOrder" classname="com.automationtesting.testcases.PlaceOrderTest" time="0">
    <skipped message="Reached error page: about:neterror?e=dnsNotFound&amp;u=http%3A//qapractice.automationtesting.in/&amp;c=UTF-8&amp;f=regular&amp;d=Firefox%20can%E2%80%99t%20find%20the%20server%20at%20qapractice.automationtesting.in.&#10;Build info: version: &apos;3.5.3&apos;, revision: &apos;a88d25fe6b&apos;, time: &apos;2017-08-29T12:42:44.417Z&apos;&#10;System info: host: &apos;Krishnas-MacBook-Pro.local&apos;, ip: &apos;fe80:0:0:0:414:f4fa:cd76:ba4d%en0&apos;, os.name: &apos;Mac OS X&apos;, os.arch: &apos;x86_64&apos;, os.version: &apos;10.12.6&apos;, java.version: &apos;1.8.0_101&apos;&#10;Driver info: org.openqa.selenium.firefox.FirefoxDriver&#10;Capabilities [{moz:profile=/var/folders/qv/31jvty150mqc8l_r7rbzbg080000gn/T/rust_mozprofile.kCaRNw8x9Km8, rotatable=false, timeouts={implicit=0, pageLoad=300000, script=30000}, pageLoadStrategy=normal, platform=MAC, specificationLevel=0, moz:accessibilityChecks=false, acceptInsecureCerts=false, browserVersion=55.0.3, platformVersion=16.7.0, moz:processID=7947, browserName=firefox, javascriptEnabled=true, platformName=MAC}]&#10;Session ID: 578b0bcf-b844-664c-bda3-4743bb751114"/>
  </testcase>
  <testcase name="tearDown" classname="com.automationtesting.testcases.PlaceOrderTest" time="0">
    <skipped/>
  </testcase>
</testsuite>