<?xml version="1.0" encoding="UTF-8"?>
<!-- Generated by org.testng.reporters.JUnitReportReporter -->
<testsuite skipped="0" hostname="Krishnas-MacBook-Pro.local" name="com.automationtesting.testcases.PlaceOrderTest" tests="2" failures="0" timestamp="19 Sep 2017 01:27:38 GMT" time="26.892" errors="0">
  <testcase name="carousel" time="0.021" classname="com.automationtesting.testcases.PlaceOrderTest"/>
  <testcase name="placeOrder" time="26.871" classname="com.automationtesting.testcases.PlaceOrderTest"/>
</testsuite> <!-- com.automationtesting.testcases.PlaceOrderTest -->
